Using pre-set license
Built from '2020.2/staging' branch; Version is '2020.2.3f1 (8ff31bc5bf5b) revision 9433883'; Using compiler version '192528614'; Build Type 'Release'
OS: 'Windows 10 Home; OS build 19042.1415; Version 2009; 64bit' Language: 'ja' Physical Memory: 32623 MB
BatchMode: 1, IsHumanControllingUs: 0, StartBugReporterOnCrash: 0, Is64bit: 1, IsPro: 0

 COMMAND LINE ARGUMENTS:
C:\Program Files\Unity\Editor\Unity.exe
-adb2
-batchMode
-noUpm
-name
AssetImportWorker0
-projectPath
C:/Users/daisu/Desktop/Udemy/CardGame
-logFile
Logs/AssetImportWorker0.log
-srvPort
52920
Successfully changed project path to: C:/Users/daisu/Desktop/Udemy/CardGame
C:/Users/daisu/Desktop/Udemy/CardGame
Using Asset Import Pipeline V2.
Refreshing native plugins compatible for Editor in 24.90 ms, found 1 plugins.
Preloading 0 native plugins for Editor in 0.00 ms.
Initialize engine version: 2020.2.3f1 (8ff31bc5bf5b)
[Subsystems] Discovering subsystems at path C:/Program Files/Unity/Editor/Data/Resources/UnitySubsystems
[Subsystems] Discovering subsystems at path C:/Users/daisu/Desktop/Udemy/CardGame/Assets
GfxDevice: creating device client; threaded=0
Direct3D:
    Version:  Direct3D 11.0 [level 11.1]
    Renderer: NVIDIA GeForce RTX 3060 (ID=0x2504)
    Vendor:   
    VRAM:     12143 MB
    Driver:   30.0.14.9649
Initialize mono
Mono path[0] = 'C:/Program Files/Unity/Editor/Data/Managed'
Mono path[1] = 'C:/Program Files/Unity/Editor/Data/MonoBleedingEdge/lib/mono/unityjit'
Mono config path = 'C:/Program Files/Unity/Editor/Data/MonoBleedingEdge/etc'
Using monoOptions --debugger-agent=transport=dt_socket,embedding=1,server=y,suspend=n,address=127.0.0.1:56960
Begin MonoManager ReloadAssembly
Registering precompiled unity dll's ...
Register platform support module: C:/Program Files/Unity/Editor/Data/PlaybackEngines/WebGLSupport/UnityEditor.WebGL.Extensions.dll
Register platform support module: C:/Program Files/Unity/Editor/Data/PlaybackEngines/WindowsStandaloneSupport/UnityEditor.WindowsStandalone.Extensions.dll
Registered in 0.001661 seconds.
Native extension for WindowsStandalone target not found
Native extension for WebGL target not found
Refreshing native plugins compatible for Editor in 25.51 ms, found 1 plugins.
Preloading 0 native plugins for Editor in 0.00 ms.
Invoked RoslynAnalysisRunner static constructor.
RoslynAnalysisRunner will not be running.
RoslynAnalysisRunner has terminated.
Mono: successfully reloaded assembly
- Completed reload, in  0.765 seconds
Platform modules already initialized, skipping
Registering precompiled user dll's ...
Registered in 0.001212 seconds.
Begin MonoManager ReloadAssembly
Native extension for WindowsStandalone target not found
Native extension for WebGL target not found
Refreshing native plugins compatible for Editor in 25.48 ms, found 1 plugins.
Preloading 0 native plugins for Editor in 0.00 ms.
Invoked RoslynAnalysisRunner static constructor.
RoslynAnalysisRunner will not be running.
RoslynAnalysisRunner has terminated.
Mono: successfully reloaded assembly
- Completed reload, in  0.624 seconds
Platform modules already initialized, skipping
========================================================================
Worker process is ready to serve import requests
Launched and connected shader compiler UnityShaderCompiler.exe after 0.04 seconds
Refreshing native plugins compatible for Editor in 0.25 ms, found 1 plugins.
Preloading 0 native plugins for Editor in 0.00 ms.
Unloading 1815 Unused Serialized files (Serialized files now loaded: 0)
System memory in use before: 85.0 MB.
System memory in use after: 85.0 MB.

Unloading 26 unused Assets to reduce memory usage. Loaded Objects now: 2261.
Total: 1.376800 ms (FindLiveObjects: 0.120000 ms CreateObjectMapping: 0.041400 ms MarkObjects: 1.124900 ms  DeleteObjects: 0.089700 ms)

========================================================================
Received Prepare
Registering precompiled user dll's ...
Registered in 0.001104 seconds.
Begin MonoManager ReloadAssembly
Native extension for WindowsStandalone target not found
Native extension for WebGL target not found
Refreshing native plugins compatible for Editor in 0.25 ms, found 1 plugins.
Preloading 0 native plugins for Editor in 0.00 ms.
Invoked RoslynAnalysisRunner static constructor.
RoslynAnalysisRunner will not be running.
RoslynAnalysisRunner has terminated.
Mono: successfully reloaded assembly
- Completed reload, in  0.545 seconds
Platform modules already initialized, skipping
Refreshing native plugins compatible for Editor in 0.27 ms, found 1 plugins.
Preloading 0 native plugins for Editor in 0.00 ms.
Unloading 1810 Unused Serialized files (Serialized files now loaded: 0)
System memory in use before: 85.0 MB.
System memory in use after: 85.0 MB.

Unloading 14 unused Assets to reduce memory usage. Loaded Objects now: 2264.
Total: 1.642100 ms (FindLiveObjects: 0.165800 ms CreateObjectMapping: 0.040600 ms MarkObjects: 1.332300 ms  DeleteObjects: 0.102200 ms)

========================================================================
Received Import Request.
  path: Assets/scripts/SpellDropManager.cs
  artifactKey: Guid(e4c1cb322b904c242b9238af3eef8c39) Importer(815301076,1909f56bfc062723c751e8b465ee728b)
Start importing Assets/scripts/SpellDropManager.cs using Guid(e4c1cb322b904c242b9238af3eef8c39) Importer(815301076,1909f56bfc062723c751e8b465ee728b)  -> (artifact id: '95c465b2489e84684e69df994ffa3fb4') in 0.019614 seconds
  Import took 0.021753 seconds .

========================================================================
Received Import Request.
  Time since last request: 22.294733 seconds.
  path: Assets/scripts/AttackedCard.cs
  artifactKey: Guid(d7f87792b64706841a93bb5490d5a238) Importer(815301076,1909f56bfc062723c751e8b465ee728b)
Start importing Assets/scripts/AttackedCard.cs using Guid(d7f87792b64706841a93bb5490d5a238) Importer(815301076,1909f56bfc062723c751e8b465ee728b)  -> (artifact id: 'cd12452b726c50e3a5a30b725d821780') in 0.002031 seconds
  Import took 0.004051 seconds .

========================================================================
Received Import Request.
  Time since last request: 0.002182 seconds.
  path: Assets/scripts/AttackedCard.cs
  artifactKey: Guid(d7f87792b64706841a93bb5490d5a238) Importer(815301076,1909f56bfc062723c751e8b465ee728b)
Start importing Assets/scripts/AttackedCard.cs using Guid(d7f87792b64706841a93bb5490d5a238) Importer(815301076,1909f56bfc062723c751e8b465ee728b)  -> (artifact id: 'cd12452b726c50e3a5a30b725d821780') in 0.001811 seconds
  Import took 0.003720 seconds .

========================================================================
Received Import Request.
  Time since last request: 187.271796 seconds.
  path: Assets/Resources/prehub/card.prefab
  artifactKey: Guid(5befa9102bd5c6947a454760eda43c4b) Importer(815301076,1909f56bfc062723c751e8b465ee728b)
Start importing Assets/Resources/prehub/card.prefab using Guid(5befa9102bd5c6947a454760eda43c4b) Importer(815301076,1909f56bfc062723c751e8b465ee728b)  -> (artifact id: '6485506e52a0f17ccfd83a07adccb3da') in 0.025458 seconds
  Import took 0.028478 seconds .

========================================================================
Received Import Request.
  Time since last request: 32.436561 seconds.
  path: Assets/Resources/CardDataList/Card4.asset
  artifactKey: Guid(06efcb28b27f7f143883db02edd1f941) Importer(815301076,1909f56bfc062723c751e8b465ee728b)
Start importing Assets/Resources/CardDataList/Card4.asset using Guid(06efcb28b27f7f143883db02edd1f941) Importer(815301076,1909f56bfc062723c751e8b465ee728b)  -> (artifact id: '1f409239f379212f49451e465edbb44f') in 0.003863 seconds
  Import took 0.006240 seconds .

========================================================================
Received Import Request.
  Time since last request: 0.000333 seconds.
  path: Assets/Resources/CardDataList/Card5.asset
  artifactKey: Guid(16332d16c251a704b975b41fad114e20) Importer(815301076,1909f56bfc062723c751e8b465ee728b)
Start importing Assets/Resources/CardDataList/Card5.asset using Guid(16332d16c251a704b975b41fad114e20) Importer(815301076,1909f56bfc062723c751e8b465ee728b)  -> (artifact id: '4fb0169677c5d9234b32c5f86e81b4e6') in 0.002739 seconds
  Import took 0.004769 seconds .

========================================================================
Received Import Request.
  Time since last request: 0.000322 seconds.
  path: Assets/Resources/CardDataList/Card6.asset
  artifactKey: Guid(7c579d687cbab2540b27b008e37721b5) Importer(815301076,1909f56bfc062723c751e8b465ee728b)
Start importing Assets/Resources/CardDataList/Card6.asset using Guid(7c579d687cbab2540b27b008e37721b5) Importer(815301076,1909f56bfc062723c751e8b465ee728b)  -> (artifact id: 'c43e8342504fd3b2904c7b549dd0585d') in 0.002720 seconds
  Import took 0.004759 seconds .

========================================================================
Received Prepare
Registering precompiled user dll's ...
Registered in 0.001152 seconds.
Begin MonoManager ReloadAssembly
Native extension for WindowsStandalone target not found
Native extension for WebGL target not found
Refreshing native plugins compatible for Editor in 0.26 ms, found 1 plugins.
Preloading 0 native plugins for Editor in 0.00 ms.
Invoked RoslynAnalysisRunner static constructor.
RoslynAnalysisRunner will not be running.
RoslynAnalysisRunner has terminated.
Mono: successfully reloaded assembly
- Completed reload, in  0.551 seconds
Platform modules already initialized, skipping
Refreshing native plugins compatible for Editor in 0.26 ms, found 1 plugins.
Preloading 0 native plugins for Editor in 0.00 ms.
Unloading 1810 Unused Serialized files (Serialized files now loaded: 0)
System memory in use before: 85.1 MB.
System memory in use after: 85.1 MB.

Unloading 15 unused Assets to reduce memory usage. Loaded Objects now: 2269.
Total: 1.421200 ms (FindLiveObjects: 0.123300 ms CreateObjectMapping: 0.035700 ms MarkObjects: 1.180200 ms  DeleteObjects: 0.080800 ms)

========================================================================
Received Prepare
Registering precompiled user dll's ...
Registered in 0.001187 seconds.
Begin MonoManager ReloadAssembly
Native extension for WindowsStandalone target not found
Native extension for WebGL target not found
Refreshing native plugins compatible for Editor in 0.25 ms, found 1 plugins.
Preloading 0 native plugins for Editor in 0.00 ms.
Invoked RoslynAnalysisRunner static constructor.
RoslynAnalysisRunner will not be running.
RoslynAnalysisRunner has terminated.
Mono: successfully reloaded assembly
- Completed reload, in  0.537 seconds
Platform modules already initialized, skipping
Refreshing native plugins compatible for Editor in 0.25 ms, found 1 plugins.
Preloading 0 native plugins for Editor in 0.00 ms.
Unloading 1810 Unused Serialized files (Serialized files now loaded: 0)
System memory in use before: 85.1 MB.
System memory in use after: 85.1 MB.

Unloading 14 unused Assets to reduce memory usage. Loaded Objects now: 2272.
Total: 1.313300 ms (FindLiveObjects: 0.127500 ms CreateObjectMapping: 0.050800 ms MarkObjects: 1.037900 ms  DeleteObjects: 0.096400 ms)

========================================================================
Received Prepare
Registering precompiled user dll's ...
Registered in 0.001163 seconds.
Begin MonoManager ReloadAssembly
Native extension for WindowsStandalone target not found
Native extension for WebGL target not found
Refreshing native plugins compatible for Editor in 0.28 ms, found 1 plugins.
Preloading 0 native plugins for Editor in 0.00 ms.
Invoked RoslynAnalysisRunner static constructor.
RoslynAnalysisRunner will not be running.
RoslynAnalysisRunner has terminated.
Mono: successfully reloaded assembly
- Completed reload, in  0.539 seconds
Platform modules already initialized, skipping
Refreshing native plugins compatible for Editor in 0.25 ms, found 1 plugins.
Preloading 0 native plugins for Editor in 0.00 ms.
Unloading 1810 Unused Serialized files (Serialized files now loaded: 0)
System memory in use before: 85.1 MB.
System memory in use after: 85.1 MB.

Unloading 14 unused Assets to reduce memory usage. Loaded Objects now: 2275.
Total: 1.366100 ms (FindLiveObjects: 0.117900 ms CreateObjectMapping: 0.038800 ms MarkObjects: 1.116400 ms  DeleteObjects: 0.092000 ms)

========================================================================
Received Prepare
Registering precompiled user dll's ...
Registered in 0.001179 seconds.
Begin MonoManager ReloadAssembly
Native extension for WindowsStandalone target not found
Native extension for WebGL target not found
Refreshing native plugins compatible for Editor in 0.26 ms, found 1 plugins.
Preloading 0 native plugins for Editor in 0.00 ms.
Invoked RoslynAnalysisRunner static constructor.
RoslynAnalysisRunner will not be running.
RoslynAnalysisRunner has terminated.
Mono: successfully reloaded assembly
- Completed reload, in  0.550 seconds
Platform modules already initialized, skipping
Refreshing native plugins compatible for Editor in 0.25 ms, found 1 plugins.
Preloading 0 native plugins for Editor in 0.00 ms.
Unloading 1810 Unused Serialized files (Serialized files now loaded: 0)
System memory in use before: 85.1 MB.
System memory in use after: 85.1 MB.

Unloading 14 unused Assets to reduce memory usage. Loaded Objects now: 2278.
Total: 1.333900 ms (FindLiveObjects: 0.114600 ms CreateObjectMapping: 0.036300 ms MarkObjects: 1.109100 ms  DeleteObjects: 0.073300 ms)

========================================================================
Received Import Request.
  Time since last request: 1380.780324 seconds.
  path: Assets/scripts/CardController.cs
  artifactKey: Guid(e64507ca85cf9974384470ed6fe88287) Importer(815301076,1909f56bfc062723c751e8b465ee728b)
Start importing Assets/scripts/CardController.cs using Guid(e64507ca85cf9974384470ed6fe88287) Importer(815301076,1909f56bfc062723c751e8b465ee728b)  -> (artifact id: '745c5093350984fd1d88e2f41997bf2a') in 0.007671 seconds
  Import took 0.009787 seconds .

========================================================================
Received Import Request.
  Time since last request: 108.082963 seconds.
  path: Assets/scripts/GameManager.cs
  artifactKey: Guid(5cac16c54ab07964182baa351e70073c) Importer(815301076,1909f56bfc062723c751e8b465ee728b)
Start importing Assets/scripts/GameManager.cs using Guid(5cac16c54ab07964182baa351e70073c) Importer(815301076,1909f56bfc062723c751e8b465ee728b)  -> (artifact id: '0a0e19395d9003ebcc03cc3a50b21f69') in 0.001937 seconds
  Import took 0.004298 seconds .

========================================================================
Received Import Request.
  Time since last request: 0.002750 seconds.
  path: Assets/scripts/GameManager.cs
  artifactKey: Guid(5cac16c54ab07964182baa351e70073c) Importer(815301076,1909f56bfc062723c751e8b465ee728b)
Start importing Assets/scripts/GameManager.cs using Guid(5cac16c54ab07964182baa351e70073c) Importer(815301076,1909f56bfc062723c751e8b465ee728b)  -> (artifact id: '0a0e19395d9003ebcc03cc3a50b21f69') in 0.001815 seconds
  Import took 0.003893 seconds .

========================================================================
Received Import Request.
  Time since last request: 1420.836323 seconds.
  path: Assets/scripts/GameManager.cs
  artifactKey: Guid(5cac16c54ab07964182baa351e70073c) Importer(815301076,1909f56bfc062723c751e8b465ee728b)
Start importing Assets/scripts/GameManager.cs using Guid(5cac16c54ab07964182baa351e70073c) Importer(815301076,1909f56bfc062723c751e8b465ee728b)  -> (artifact id: 'd2e2d49ee59caf142700447b052e2723') in 0.002193 seconds
  Import took 0.005219 seconds .

