Using pre-set license
Built from '2020.2/staging' branch; Version is '2020.2.3f1 (8ff31bc5bf5b) revision 9433883'; Using compiler version '192528614'; Build Type 'Release'
OS: 'Windows 10 Home; OS build 19042.1415; Version 2009; 64bit' Language: 'ja' Physical Memory: 32623 MB
BatchMode: 1, IsHumanControllingUs: 0, StartBugReporterOnCrash: 0, Is64bit: 1, IsPro: 0

 COMMAND LINE ARGUMENTS:
C:\Program Files\Unity\Editor\Unity.exe
-adb2
-batchMode
-noUpm
-name
AssetImportWorker0
-projectPath
C:/Users/daisu/Desktop/Udemy/CardGame
-logFile
Logs/AssetImportWorker0.log
-srvPort
58415
Successfully changed project path to: C:/Users/daisu/Desktop/Udemy/CardGame
C:/Users/daisu/Desktop/Udemy/CardGame
Using Asset Import Pipeline V2.
Refreshing native plugins compatible for Editor in 23.08 ms, found 1 plugins.
Preloading 0 native plugins for Editor in 0.00 ms.
Initialize engine version: 2020.2.3f1 (8ff31bc5bf5b)
[Subsystems] Discovering subsystems at path C:/Program Files/Unity/Editor/Data/Resources/UnitySubsystems
[Subsystems] Discovering subsystems at path C:/Users/daisu/Desktop/Udemy/CardGame/Assets
GfxDevice: creating device client; threaded=0
Direct3D:
    Version:  Direct3D 11.0 [level 11.1]
    Renderer: NVIDIA GeForce RTX 3060 (ID=0x2504)
    Vendor:   
    VRAM:     12143 MB
    Driver:   30.0.14.9649
Initialize mono
Mono path[0] = 'C:/Program Files/Unity/Editor/Data/Managed'
Mono path[1] = 'C:/Program Files/Unity/Editor/Data/MonoBleedingEdge/lib/mono/unityjit'
Mono config path = 'C:/Program Files/Unity/Editor/Data/MonoBleedingEdge/etc'
Using monoOptions --debugger-agent=transport=dt_socket,embedding=1,server=y,suspend=n,address=127.0.0.1:56256
Begin MonoManager ReloadAssembly
Registering precompiled unity dll's ...
Register platform support module: C:/Program Files/Unity/Editor/Data/PlaybackEngines/WebGLSupport/UnityEditor.WebGL.Extensions.dll
Register platform support module: C:/Program Files/Unity/Editor/Data/PlaybackEngines/WindowsStandaloneSupport/UnityEditor.WindowsStandalone.Extensions.dll
Registered in 0.001594 seconds.
Native extension for WindowsStandalone target not found
Native extension for WebGL target not found
Refreshing native plugins compatible for Editor in 22.81 ms, found 1 plugins.
Preloading 0 native plugins for Editor in 0.00 ms.
Invoked RoslynAnalysisRunner static constructor.
RoslynAnalysisRunner will not be running.
RoslynAnalysisRunner has terminated.
Mono: successfully reloaded assembly
- Completed reload, in  0.720 seconds
Platform modules already initialized, skipping
Registering precompiled user dll's ...
Registered in 0.001441 seconds.
Begin MonoManager ReloadAssembly
Native extension for WindowsStandalone target not found
Native extension for WebGL target not found
Refreshing native plugins compatible for Editor in 29.53 ms, found 1 plugins.
Preloading 0 native plugins for Editor in 0.00 ms.
Invoked RoslynAnalysisRunner static constructor.
RoslynAnalysisRunner will not be running.
RoslynAnalysisRunner has terminated.
Mono: successfully reloaded assembly
- Completed reload, in  0.622 seconds
Platform modules already initialized, skipping
========================================================================
Worker process is ready to serve import requests
Launched and connected shader compiler UnityShaderCompiler.exe after 0.03 seconds
Refreshing native plugins compatible for Editor in 0.25 ms, found 1 plugins.
Preloading 0 native plugins for Editor in 0.00 ms.
Unloading 1815 Unused Serialized files (Serialized files now loaded: 0)
System memory in use before: 85.0 MB.
System memory in use after: 85.0 MB.

Unloading 26 unused Assets to reduce memory usage. Loaded Objects now: 2261.
Total: 1.316100 ms (FindLiveObjects: 0.118500 ms CreateObjectMapping: 0.044400 ms MarkObjects: 1.061000 ms  DeleteObjects: 0.091600 ms)

========================================================================
Received Import Request.
  path: Assets/scripts/SpellDropManager.cs
  artifactKey: Guid(e4c1cb322b904c242b9238af3eef8c39) Importer(815301076,1909f56bfc062723c751e8b465ee728b)
Start importing Assets/scripts/SpellDropManager.cs using Guid(e4c1cb322b904c242b9238af3eef8c39) Importer(815301076,1909f56bfc062723c751e8b465ee728b)  -> (artifact id: '733e89fc3493a972f478003c0e7b396e') in 0.019689 seconds
  Import took 0.022031 seconds .

========================================================================
Received Import Request.
  Time since last request: 27.245544 seconds.
  path: Assets/scripts/cardMovement.cs
  artifactKey: Guid(99da41070964a444b96c43cfe63ae9f1) Importer(815301076,1909f56bfc062723c751e8b465ee728b)
Start importing Assets/scripts/cardMovement.cs using Guid(99da41070964a444b96c43cfe63ae9f1) Importer(815301076,1909f56bfc062723c751e8b465ee728b)  -> (artifact id: '27486d05d151ad92cc65021c81128058') in 0.001907 seconds
  Import took 0.004091 seconds .

========================================================================
Received Import Request.
  Time since last request: 0.002293 seconds.
  path: Assets/scripts/cardMovement.cs
  artifactKey: Guid(99da41070964a444b96c43cfe63ae9f1) Importer(815301076,1909f56bfc062723c751e8b465ee728b)
Start importing Assets/scripts/cardMovement.cs using Guid(99da41070964a444b96c43cfe63ae9f1) Importer(815301076,1909f56bfc062723c751e8b465ee728b)  -> (artifact id: '27486d05d151ad92cc65021c81128058') in 0.001789 seconds
  Import took 0.004025 seconds .

========================================================================
Received Import Request.
  Time since last request: 6.532422 seconds.
  path: Assets/scripts/AttackedCard.cs
  artifactKey: Guid(d7f87792b64706841a93bb5490d5a238) Importer(815301076,1909f56bfc062723c751e8b465ee728b)
Start importing Assets/scripts/AttackedCard.cs using Guid(d7f87792b64706841a93bb5490d5a238) Importer(815301076,1909f56bfc062723c751e8b465ee728b)  -> (artifact id: 'a756139d24e81b1d6d96f4861eb3ff49') in 0.002111 seconds
  Import took 0.004294 seconds .

========================================================================
Received Import Request.
  Time since last request: 0.001553 seconds.
  path: Assets/scripts/AttackedCard.cs
  artifactKey: Guid(d7f87792b64706841a93bb5490d5a238) Importer(815301076,1909f56bfc062723c751e8b465ee728b)
Start importing Assets/scripts/AttackedCard.cs using Guid(d7f87792b64706841a93bb5490d5a238) Importer(815301076,1909f56bfc062723c751e8b465ee728b)  -> (artifact id: 'a756139d24e81b1d6d96f4861eb3ff49') in 0.001762 seconds
  Import took 0.003889 seconds .

========================================================================
Received Import Request.
  Time since last request: 1.520984 seconds.
  path: Assets/scripts/AI.cs
  artifactKey: Guid(25d0ed1d4055e9b40b5a13b9a1b6a4a0) Importer(815301076,1909f56bfc062723c751e8b465ee728b)
Start importing Assets/scripts/AI.cs using Guid(25d0ed1d4055e9b40b5a13b9a1b6a4a0) Importer(815301076,1909f56bfc062723c751e8b465ee728b)  -> (artifact id: '94112966508afa808579f4d584b5f9a3') in 0.001951 seconds
  Import took 0.008241 seconds .

========================================================================
Received Import Request.
  Time since last request: 29.837550 seconds.
  path: Assets/scripts/CardController.cs
  artifactKey: Guid(e64507ca85cf9974384470ed6fe88287) Importer(815301076,1909f56bfc062723c751e8b465ee728b)
Start importing Assets/scripts/CardController.cs using Guid(e64507ca85cf9974384470ed6fe88287) Importer(815301076,1909f56bfc062723c751e8b465ee728b)  -> (artifact id: '024f32088856ceef92f944291599ce9d') in 0.002040 seconds
  Import took 0.004294 seconds .

========================================================================
Received Import Request.
  Time since last request: 113.803731 seconds.
  path: Assets/scripts/CardController.cs
  artifactKey: Guid(e64507ca85cf9974384470ed6fe88287) Importer(815301076,1909f56bfc062723c751e8b465ee728b)
Start importing Assets/scripts/CardController.cs using Guid(e64507ca85cf9974384470ed6fe88287) Importer(815301076,1909f56bfc062723c751e8b465ee728b)  -> (artifact id: '2d5ed3eb54e85d384e5185b923ce0000') in 0.001858 seconds
  Import took 0.004444 seconds .

========================================================================
Received Import Request.
  Time since last request: 0.000401 seconds.
  path: Assets/scripts/CardController.cs
  artifactKey: Guid(e64507ca85cf9974384470ed6fe88287) Importer(815301076,1909f56bfc062723c751e8b465ee728b)
Start importing Assets/scripts/CardController.cs using Guid(e64507ca85cf9974384470ed6fe88287) Importer(815301076,1909f56bfc062723c751e8b465ee728b)  -> (artifact id: '2d5ed3eb54e85d384e5185b923ce0000') in 0.001849 seconds
  Import took 0.004020 seconds .

========================================================================
Received Import Request.
  Time since last request: 37.433266 seconds.
  path: Assets/scripts/CardController.cs
  artifactKey: Guid(e64507ca85cf9974384470ed6fe88287) Importer(815301076,1909f56bfc062723c751e8b465ee728b)
Start importing Assets/scripts/CardController.cs using Guid(e64507ca85cf9974384470ed6fe88287) Importer(815301076,1909f56bfc062723c751e8b465ee728b)  -> (artifact id: 'a9fe7da063a148f3b0d2136242d816b1') in 0.001859 seconds
  Import took 0.004027 seconds .

========================================================================
Received Import Request.
  Time since last request: 0.000431 seconds.
  path: Assets/scripts/CardController.cs
  artifactKey: Guid(e64507ca85cf9974384470ed6fe88287) Importer(815301076,1909f56bfc062723c751e8b465ee728b)
Start importing Assets/scripts/CardController.cs using Guid(e64507ca85cf9974384470ed6fe88287) Importer(815301076,1909f56bfc062723c751e8b465ee728b)  -> (artifact id: 'a9fe7da063a148f3b0d2136242d816b1') in 0.001616 seconds
  Import took 0.004009 seconds .

========================================================================
Received Prepare
Registering precompiled user dll's ...
Registered in 0.001174 seconds.
Begin MonoManager ReloadAssembly
Native extension for WindowsStandalone target not found
Native extension for WebGL target not found
Refreshing native plugins compatible for Editor in 0.27 ms, found 1 plugins.
Preloading 0 native plugins for Editor in 0.00 ms.
Invoked RoslynAnalysisRunner static constructor.
RoslynAnalysisRunner will not be running.
RoslynAnalysisRunner has terminated.
Mono: successfully reloaded assembly
- Completed reload, in  0.556 seconds
Platform modules already initialized, skipping
Refreshing native plugins compatible for Editor in 0.24 ms, found 1 plugins.
Preloading 0 native plugins for Editor in 0.00 ms.
Unloading 1810 Unused Serialized files (Serialized files now loaded: 0)
System memory in use before: 85.0 MB.
System memory in use after: 85.0 MB.

Unloading 14 unused Assets to reduce memory usage. Loaded Objects now: 2264.
Total: 1.405100 ms (FindLiveObjects: 0.116100 ms CreateObjectMapping: 0.041700 ms MarkObjects: 1.156200 ms  DeleteObjects: 0.090500 ms)

========================================================================
Received Prepare
Registering precompiled user dll's ...
Registered in 0.001133 seconds.
Begin MonoManager ReloadAssembly
Native extension for WindowsStandalone target not found
Native extension for WebGL target not found
Refreshing native plugins compatible for Editor in 0.26 ms, found 1 plugins.
Preloading 0 native plugins for Editor in 0.00 ms.
Invoked RoslynAnalysisRunner static constructor.
RoslynAnalysisRunner will not be running.
RoslynAnalysisRunner has terminated.
Mono: successfully reloaded assembly
- Completed reload, in  0.546 seconds
Platform modules already initialized, skipping
Refreshing native plugins compatible for Editor in 0.26 ms, found 1 plugins.
Preloading 0 native plugins for Editor in 0.00 ms.
Unloading 1810 Unused Serialized files (Serialized files now loaded: 0)
System memory in use before: 85.0 MB.
System memory in use after: 85.0 MB.

Unloading 14 unused Assets to reduce memory usage. Loaded Objects now: 2267.
Total: 1.333600 ms (FindLiveObjects: 0.113700 ms CreateObjectMapping: 0.039000 ms MarkObjects: 1.104500 ms  DeleteObjects: 0.075700 ms)

========================================================================
Received Import Request.
  Time since last request: 91.269205 seconds.
  path: Assets/Resources/CardDataList/Card4.asset
  artifactKey: Guid(06efcb28b27f7f143883db02edd1f941) Importer(815301076,1909f56bfc062723c751e8b465ee728b)
Start importing Assets/Resources/CardDataList/Card4.asset using Guid(06efcb28b27f7f143883db02edd1f941) Importer(815301076,1909f56bfc062723c751e8b465ee728b)  -> (artifact id: '5b1d788718e2c8f6d1bb410c4940ff70') in 0.010584 seconds
  Import took 0.012709 seconds .

========================================================================
Received Prepare
Registering precompiled user dll's ...
Registered in 0.001174 seconds.
Begin MonoManager ReloadAssembly
Native extension for WindowsStandalone target not found
Native extension for WebGL target not found
Refreshing native plugins compatible for Editor in 0.30 ms, found 1 plugins.
Preloading 0 native plugins for Editor in 0.00 ms.
Invoked RoslynAnalysisRunner static constructor.
RoslynAnalysisRunner will not be running.
RoslynAnalysisRunner has terminated.
Mono: successfully reloaded assembly
- Completed reload, in  0.548 seconds
Platform modules already initialized, skipping
Refreshing native plugins compatible for Editor in 0.29 ms, found 1 plugins.
Preloading 0 native plugins for Editor in 0.00 ms.
Unloading 1810 Unused Serialized files (Serialized files now loaded: 0)
System memory in use before: 85.0 MB.
System memory in use after: 85.0 MB.

Unloading 14 unused Assets to reduce memory usage. Loaded Objects now: 2270.
Total: 1.545700 ms (FindLiveObjects: 0.120900 ms CreateObjectMapping: 0.037800 ms MarkObjects: 1.275900 ms  DeleteObjects: 0.109800 ms)

========================================================================
Received Prepare
Registering precompiled user dll's ...
Registered in 0.001137 seconds.
Begin MonoManager ReloadAssembly
Native extension for WindowsStandalone target not found
Native extension for WebGL target not found
Refreshing native plugins compatible for Editor in 0.28 ms, found 1 plugins.
Preloading 0 native plugins for Editor in 0.00 ms.
Invoked RoslynAnalysisRunner static constructor.
RoslynAnalysisRunner will not be running.
RoslynAnalysisRunner has terminated.
Mono: successfully reloaded assembly
- Completed reload, in  0.534 seconds
Platform modules already initialized, skipping
Refreshing native plugins compatible for Editor in 0.29 ms, found 1 plugins.
Preloading 0 native plugins for Editor in 0.00 ms.
Unloading 1810 Unused Serialized files (Serialized files now loaded: 0)
System memory in use before: 85.0 MB.
System memory in use after: 85.0 MB.

Unloading 14 unused Assets to reduce memory usage. Loaded Objects now: 2273.
Total: 1.332800 ms (FindLiveObjects: 0.118800 ms CreateObjectMapping: 0.038400 ms MarkObjects: 1.098900 ms  DeleteObjects: 0.076100 ms)

========================================================================
Received Prepare
Registering precompiled user dll's ...
Registered in 0.001174 seconds.
Begin MonoManager ReloadAssembly
Native extension for WindowsStandalone target not found
Native extension for WebGL target not found
Refreshing native plugins compatible for Editor in 0.25 ms, found 1 plugins.
Preloading 0 native plugins for Editor in 0.00 ms.
Invoked RoslynAnalysisRunner static constructor.
RoslynAnalysisRunner will not be running.
RoslynAnalysisRunner has terminated.
Mono: successfully reloaded assembly
- Completed reload, in  0.555 seconds
Platform modules already initialized, skipping
Refreshing native plugins compatible for Editor in 0.25 ms, found 1 plugins.
Preloading 0 native plugins for Editor in 0.00 ms.
Unloading 1810 Unused Serialized files (Serialized files now loaded: 0)
System memory in use before: 85.0 MB.
System memory in use after: 85.0 MB.

Unloading 14 unused Assets to reduce memory usage. Loaded Objects now: 2276.
Total: 1.604000 ms (FindLiveObjects: 0.122800 ms CreateObjectMapping: 0.046500 ms MarkObjects: 1.332000 ms  DeleteObjects: 0.102000 ms)

========================================================================
Received Import Request.
  Time since last request: 507.603764 seconds.
  path: Assets/Resources/CardDataList/Card4.asset
  artifactKey: Guid(06efcb28b27f7f143883db02edd1f941) Importer(815301076,1909f56bfc062723c751e8b465ee728b)
Start importing Assets/Resources/CardDataList/Card4.asset using Guid(06efcb28b27f7f143883db02edd1f941) Importer(815301076,1909f56bfc062723c751e8b465ee728b)  -> (artifact id: '858a58b583dc8dcf54d25b497fcb4d32') in 0.009010 seconds
  Import took 0.011255 seconds .

